[2025-07-10 22:09:44,928] INFO [Controller id=0 epoch=18] Sending UpdateMetadata request to brokers HashSet(0) for 0 partitions (state.change.logger)
[2025-07-10 22:09:45,029] INFO [Controller id=0 epoch=18] Sending LeaderAndIsr request to broker 0 with 6 become-leader and 0 become-follower partitions (state.change.logger)
[2025-07-10 22:09:45,036] INFO [Controller id=0 epoch=18] Sending UpdateMetadata request to brokers HashSet(0) for 6 partitions (state.change.logger)
[2025-07-10 22:09:45,629] INFO [Broker id=0] Handling LeaderAndIsr request correlationId 1 from controller 0 for 6 partitions (state.change.logger)
[2025-07-10 22:09:45,676] INFO [Broker id=0] Stopped fetchers as part of LeaderAndIsr request correlationId 1 from controller 0 epoch 18 as part of the become-leader transition for 6 partitions (state.change.logger)
[2025-07-10 22:09:45,720] INFO [Broker id=0] Leader psx-stock-prices-2 with topic id Some(jNGlN3KmTGSP6Ch7t0Ob9w) starts at leader epoch 0 from offset 2601 with partition epoch 0, high watermark 2601, ISR [0], adding replicas [] and removing replicas [] . Previous leader None and previous leader epoch was -1. (state.change.logger)
[2025-07-10 22:09:45,729] INFO [Broker id=0] Leader psx-stock-prices-0 with topic id Some(jNGlN3KmTGSP6Ch7t0Ob9w) starts at leader epoch 0 from offset 2586 with partition epoch 0, high watermark 2586, ISR [0], adding replicas [] and removing replicas [] . Previous leader None and previous leader epoch was -1. (state.change.logger)
[2025-07-10 22:09:45,730] INFO [Broker id=0] Leader psx-stock-prices-1 with topic id Some(jNGlN3KmTGSP6Ch7t0Ob9w) starts at leader epoch 0 from offset 2712 with partition epoch 0, high watermark 2712, ISR [0], adding replicas [] and removing replicas [] . Previous leader None and previous leader epoch was -1. (state.change.logger)
[2025-07-10 22:09:45,730] INFO [Broker id=0] Leader psx-news-sentiment-1 with topic id Some(iy46Fu7KQjiX_ZFRjZwMhw) starts at leader epoch 0 from offset 152 with partition epoch 0, high watermark 152, ISR [0], adding replicas [] and removing replicas [] . Previous leader None and previous leader epoch was -1. (state.change.logger)
[2025-07-10 22:09:45,730] INFO [Broker id=0] Leader psx-news-sentiment-0 with topic id Some(iy46Fu7KQjiX_ZFRjZwMhw) starts at leader epoch 0 from offset 148 with partition epoch 0, high watermark 148, ISR [0], adding replicas [] and removing replicas [] . Previous leader None and previous leader epoch was -1. (state.change.logger)
[2025-07-10 22:09:45,732] INFO [Broker id=0] Leader psx-economic-data-0 with topic id Some(fSSv3yplQf2JonamifQIrg) starts at leader epoch 0 from offset 909 with partition epoch 0, high watermark 909, ISR [0], adding replicas [] and removing replicas [] . Previous leader None and previous leader epoch was -1. (state.change.logger)
[2025-07-10 22:09:45,758] INFO [Broker id=0] Finished LeaderAndIsr request in 127ms correlationId 1 from controller 0 for 6 partitions (state.change.logger)
[2025-07-10 22:09:45,780] INFO [Broker id=0] Add 6 partitions and deleted 0 partitions from metadata cache in response to UpdateMetadata request sent by controller 0 epoch 18 with correlation id 2 (state.change.logger)
[2025-07-10 22:14:55,095] INFO [Controller id=0 epoch=18] Sending UpdateMetadata request to brokers HashSet() for 0 partitions (state.change.logger)
[2025-07-10 22:28:38,617] INFO [Controller id=0 epoch=19] Sending UpdateMetadata request to brokers HashSet(0) for 0 partitions (state.change.logger)
[2025-07-10 22:28:38,702] INFO [Controller id=0 epoch=19] Sending LeaderAndIsr request to broker 0 with 6 become-leader and 0 become-follower partitions (state.change.logger)
[2025-07-10 22:28:38,713] INFO [Controller id=0 epoch=19] Sending UpdateMetadata request to brokers HashSet(0) for 6 partitions (state.change.logger)
[2025-07-10 22:28:39,334] INFO [Broker id=0] Handling LeaderAndIsr request correlationId 1 from controller 0 for 6 partitions (state.change.logger)
[2025-07-10 22:28:39,380] INFO [Broker id=0] Stopped fetchers as part of LeaderAndIsr request correlationId 1 from controller 0 epoch 19 as part of the become-leader transition for 6 partitions (state.change.logger)
[2025-07-10 22:28:39,418] INFO [Broker id=0] Leader psx-stock-prices-2 with topic id Some(jNGlN3KmTGSP6Ch7t0Ob9w) starts at leader epoch 0 from offset 2628 with partition epoch 0, high watermark 2628, ISR [0], adding replicas [] and removing replicas [] . Previous leader None and previous leader epoch was -1. (state.change.logger)
[2025-07-10 22:28:39,426] INFO [Broker id=0] Leader psx-stock-prices-0 with topic id Some(jNGlN3KmTGSP6Ch7t0Ob9w) starts at leader epoch 0 from offset 2618 with partition epoch 0, high watermark 2618, ISR [0], adding replicas [] and removing replicas [] . Previous leader None and previous leader epoch was -1. (state.change.logger)
[2025-07-10 22:28:39,426] INFO [Broker id=0] Leader psx-stock-prices-1 with topic id Some(jNGlN3KmTGSP6Ch7t0Ob9w) starts at leader epoch 0 from offset 2745 with partition epoch 0, high watermark 2745, ISR [0], adding replicas [] and removing replicas [] . Previous leader None and previous leader epoch was -1. (state.change.logger)
[2025-07-10 22:28:39,427] INFO [Broker id=0] Leader psx-news-sentiment-1 with topic id Some(iy46Fu7KQjiX_ZFRjZwMhw) starts at leader epoch 0 from offset 154 with partition epoch 0, high watermark 154, ISR [0], adding replicas [] and removing replicas [] . Previous leader None and previous leader epoch was -1. (state.change.logger)
[2025-07-10 22:28:39,427] INFO [Broker id=0] Leader psx-news-sentiment-0 with topic id Some(iy46Fu7KQjiX_ZFRjZwMhw) starts at leader epoch 0 from offset 150 with partition epoch 0, high watermark 150, ISR [0], adding replicas [] and removing replicas [] . Previous leader None and previous leader epoch was -1. (state.change.logger)
[2025-07-10 22:28:39,428] INFO [Broker id=0] Leader psx-economic-data-0 with topic id Some(fSSv3yplQf2JonamifQIrg) starts at leader epoch 0 from offset 921 with partition epoch 0, high watermark 921, ISR [0], adding replicas [] and removing replicas [] . Previous leader None and previous leader epoch was -1. (state.change.logger)
[2025-07-10 22:28:39,453] INFO [Broker id=0] Finished LeaderAndIsr request in 118ms correlationId 1 from controller 0 for 6 partitions (state.change.logger)
[2025-07-10 22:28:39,467] INFO [Broker id=0] Add 6 partitions and deleted 0 partitions from metadata cache in response to UpdateMetadata request sent by controller 0 epoch 19 with correlation id 2 (state.change.logger)
[2025-07-10 22:32:07,608] INFO [Controller id=0 epoch=19] Sending UpdateMetadata request to brokers HashSet() for 0 partitions (state.change.logger)
